<?xml version="1.0" encoding="UTF-8"?>
<testsuite name="com.bolingcavalry.HelloWorldTest" tests="2" skipped="0" failures="0" errors="0" timestamp="2021-03-28T07:43:27" hostname="zhaoqindeMacBook-Pro-2.local" time="1.362">
  <properties/>
  <testcase name="put()" classname="com.bolingcavalry.HelloWorldTest" time="1.248"/>
  <testcase name="get()" classname="com.bolingcavalry.HelloWorldTest" time="0.112"/>
  <system-out><![CDATA[2021-03-28 15:43:27 INFO  HelloWorld:43 - start put, key [/abc/foo-1616917407004], value [/abc/foo]
2021-03-28 15:43:28 INFO  HelloWorld:29 - start get, key [/abc/foo-1616917407004]
2021-03-28 15:43:28 INFO  HelloWorld:38 - finish get, key [/abc/foo-1616917407004], value [/abc/foo]
]]></system-out>
  <system-err><![CDATA[]]></system-err>
</testsuite>
