<?xml version="1.0" encoding="UTF-8"?>
<testsuite name="com.bolingcavalry.HelloWorldTest" tests="2" skipped="0" failures="0" errors="0" timestamp="2021-04-03T11:40:21" hostname="DESKTOP-82CCEBN" time="1.946">
  <properties/>
  <testcase name="put()" classname="com.bolingcavalry.HelloWorldTest" time="1.926"/>
  <testcase name="get()" classname="com.bolingcavalry.HelloWorldTest" time="0.02"/>
  <system-out><![CDATA[2021-04-03 19:40:21 INFO  HelloWorld:67 - start put, key [/abc/foo-1617450021205], value [/abc/foo]
2021-04-03 19:40:23 INFO  HelloWorld:45 - start get, key [/abc/foo-1617450021205]
2021-04-03 19:40:23 INFO  HelloWorld:54 - finish get, key [/abc/foo-1617450021205], value [/abc/foo]
]]></system-out>
  <system-err><![CDATA[]]></system-err>
</testsuite>
