<?xml version="1.0" encoding="UTF-8"?>
<testsuite name="com.bolingcavalry.dao.impl.EtcdServiceImplTest" tests="12" skipped="0" failures="0" errors="0" timestamp="2021-04-03T11:40:16" hostname="DESKTOP-82CCEBN" time="2.523">
  <properties/>
  <testcase name="put()" classname="com.bolingcavalry.dao.impl.EtcdServiceImplTest" time="1.944"/>
  <testcase name="getSingle()" classname="com.bolingcavalry.dao.impl.EtcdServiceImplTest" time="0.028"/>
  <testcase name="getWithPrefix()" classname="com.bolingcavalry.dao.impl.EtcdServiceImplTest" time="0.073"/>
  <testcase name="getWithLimit()" classname="com.bolingcavalry.dao.impl.EtcdServiceImplTest" time="0.08"/>
  <testcase name="getWithRevision()" classname="com.bolingcavalry.dao.impl.EtcdServiceImplTest" time="0.079"/>
  <testcase name="getWithOrder()" classname="com.bolingcavalry.dao.impl.EtcdServiceImplTest" time="0.068"/>
  <testcase name="getOnlyKey()" classname="com.bolingcavalry.dao.impl.EtcdServiceImplTest" time="0.011"/>
  <testcase name="getOnlyCount()" classname="com.bolingcavalry.dao.impl.EtcdServiceImplTest" time="0.011"/>
  <testcase name="getWithEndKey()" classname="com.bolingcavalry.dao.impl.EtcdServiceImplTest" time="0.058"/>
  <testcase name="deleteSingle()" classname="com.bolingcavalry.dao.impl.EtcdServiceImplTest" time="0.027"/>
  <testcase name="deleteWithPrefix()" classname="com.bolingcavalry.dao.impl.EtcdServiceImplTest" time="0.067"/>
  <testcase name="deleteWithEndKey()" classname="com.bolingcavalry.dao.impl.EtcdServiceImplTest" time="0.072"/>
  <system-out><![CDATA[]]></system-out>
  <system-err><![CDATA[]]></system-err>
</testsuite>
